<?xml version="1.0" encoding="UTF-8"?>
<!-- Generated by org.testng.reporters.JUnitXMLReporter -->
<testsuite ignored="0" hostname="Lenovo-PC" failures="0" tests="3" name="Default test" time="39.65" errors="0" timestamp="2024-05-23T18:54:21 IST">
  <testcase classname="com.neopane.springselenium.UserVisaTest" name="visaTest3" time="9.291"/>
  <testcase classname="com.neopane.springselenium.UserVisaTest" name="visaTest3" time="3.838"/>
  <testcase classname="com.neopane.springselenium.UserVisaTest" name="visaTest3" time="4.726"/>
</testsuite> <!-- Default test -->
