<?xml version="1.0" encoding="UTF-8"?>
<!-- Generated by org.testng.reporters.JUnitXMLReporter -->
<testsuite ignored="0" hostname="Lenovo-PC" failures="0" tests="3" name="Test 1" time="40.442" errors="0" timestamp="2024-05-23T19:02:08 IST">
  <testcase classname="com.neopane.springselenium.UserVisaTest" name="visaTest3" time="10.745"/>
  <testcase classname="com.neopane.springselenium.UserVisaTest" name="visaTest3" time="3.794"/>
  <testcase classname="com.neopane.springselenium.UserVisaTest" name="visaTest3" time="3.774"/>
</testsuite> <!-- Test 1 -->
